Analysis & Synthesis report for pl_riscv_cpu
Mon Dec 09 23:34:07 2024
Quartus Prime Version 20.1.1 Build 720 11/11/2020 SJ Lite Edition


---------------------
; Table of Contents ;
---------------------
  1. Legal Notice
  2. Analysis & Synthesis Summary
  3. Analysis & Synthesis Settings
  4. Parallel Compilation
  5. Analysis & Synthesis Source Files Read
  6. Analysis & Synthesis Resource Usage Summary
  7. Analysis & Synthesis Resource Utilization by Entity
  8. General Register Statistics
  9. Multiplexer Restructuring Statistics (Restructuring Performed)
 10. Parameter Settings for User Entity Instance: riscv_cpu:rvcpu|datapath:dp|mux2:pcmux
 11. Parameter Settings for User Entity Instance: riscv_cpu:rvcpu|datapath:dp|mux2:jalrmux
 12. Parameter Settings for User Entity Instance: riscv_cpu:rvcpu|datapath:dp|reset_ff:pcreg
 13. Parameter Settings for User Entity Instance: riscv_cpu:rvcpu|datapath:dp|adder:pcadd4
 14. Parameter Settings for User Entity Instance: riscv_cpu:rvcpu|datapath:dp|adder:pcaddbranch
 15. Parameter Settings for User Entity Instance: riscv_cpu:rvcpu|datapath:dp|reg_file:rf
 16. Parameter Settings for User Entity Instance: riscv_cpu:rvcpu|datapath:dp|mux2:srcbmux
 17. Parameter Settings for User Entity Instance: riscv_cpu:rvcpu|datapath:dp|alu:alu
 18. Parameter Settings for User Entity Instance: riscv_cpu:rvcpu|datapath:dp|adder:auipcadder
 19. Parameter Settings for User Entity Instance: riscv_cpu:rvcpu|datapath:dp|mux2:lauipcmux
 20. Parameter Settings for User Entity Instance: riscv_cpu:rvcpu|datapath:dp|mux4:resultmux
 21. Parameter Settings for User Entity Instance: instr_mem:instrmem
 22. Parameter Settings for User Entity Instance: data_mem:datamem
 23. Port Connectivity Checks: "riscv_cpu:rvcpu|datapath:dp|mux2:lauipcmux"
 24. Port Connectivity Checks: "riscv_cpu:rvcpu|datapath:dp|adder:auipcadder"
 25. Port Connectivity Checks: "riscv_cpu:rvcpu|datapath:dp|adder:pcadd4"
 26. Port Connectivity Checks: "riscv_cpu:rvcpu|datapath:dp|reset_ff:pcreg"
 27. Post-Synthesis Netlist Statistics for Top Partition
 28. Elapsed Time Per Partition
 29. Analysis & Synthesis Messages
 30. Analysis & Synthesis Suppressed Messages



----------------
; Legal Notice ;
----------------
Copyright (C) 2020  Intel Corporation. All rights reserved.
Your use of Intel Corporation's design tools, logic functions 
and other software and tools, and any partner logic 
functions, and any output files from any of the foregoing 
(including device programming or simulation files), and any 
associated documentation or information are expressly subject 
to the terms and conditions of the Intel Program License 
Subscription Agreement, the Intel Quartus Prime License Agreement,
the Intel FPGA IP License Agreement, or other applicable license
agreement, including, without limitation, that your use is for
the sole purpose of programming logic devices manufactured by
Intel and sold by Intel or its authorized distributors.  Please
refer to the applicable agreement for further details, at
https://fpgasoftware.intel.com/eula.



+----------------------------------------------------------------------------------+
; Analysis & Synthesis Summary                                                     ;
+------------------------------------+---------------------------------------------+
; Analysis & Synthesis Status        ; Successful - Mon Dec 09 23:34:07 2024       ;
; Quartus Prime Version              ; 20.1.1 Build 720 11/11/2020 SJ Lite Edition ;
; Revision Name                      ; pl_riscv_cpu                                ;
; Top-level Entity Name              ; pl_riscv_cpu                                ;
; Family                             ; Cyclone IV E                                ;
; Total logic elements               ; 7,292                                       ;
;     Total combinational functions  ; 4,284                                       ;
;     Dedicated logic registers      ; 3,104                                       ;
; Total registers                    ; 3104                                        ;
; Total pins                         ; 292                                         ;
; Total virtual pins                 ; 0                                           ;
; Total memory bits                  ; 0                                           ;
; Embedded Multiplier 9-bit elements ; 0                                           ;
; Total PLLs                         ; 0                                           ;
+------------------------------------+---------------------------------------------+


+------------------------------------------------------------------------------------------------------------+
; Analysis & Synthesis Settings                                                                              ;
+------------------------------------------------------------------+--------------------+--------------------+
; Option                                                           ; Setting            ; Default Value      ;
+------------------------------------------------------------------+--------------------+--------------------+
; Device                                                           ; EP4CE22F17C6       ;                    ;
; Top-level entity name                                            ; pl_riscv_cpu       ; pl_riscv_cpu       ;
; Family name                                                      ; Cyclone IV E       ; Cyclone V          ;
; Use smart compilation                                            ; Off                ; Off                ;
; Enable parallel Assembler and Timing Analyzer during compilation ; On                 ; On                 ;
; Enable compact report table                                      ; Off                ; Off                ;
; Restructure Multiplexers                                         ; Auto               ; Auto               ;
; Create Debugging Nodes for IP Cores                              ; Off                ; Off                ;
; Preserve fewer node names                                        ; On                 ; On                 ;
; Intel FPGA IP Evaluation Mode                                    ; Enable             ; Enable             ;
; Verilog Version                                                  ; Verilog_2001       ; Verilog_2001       ;
; VHDL Version                                                     ; VHDL_1993          ; VHDL_1993          ;
; State Machine Processing                                         ; Auto               ; Auto               ;
; Safe State Machine                                               ; Off                ; Off                ;
; Extract Verilog State Machines                                   ; On                 ; On                 ;
; Extract VHDL State Machines                                      ; On                 ; On                 ;
; Ignore Verilog initial constructs                                ; Off                ; Off                ;
; Iteration limit for constant Verilog loops                       ; 5000               ; 5000               ;
; Iteration limit for non-constant Verilog loops                   ; 250                ; 250                ;
; Add Pass-Through Logic to Inferred RAMs                          ; On                 ; On                 ;
; Infer RAMs from Raw Logic                                        ; On                 ; On                 ;
; Parallel Synthesis                                               ; On                 ; On                 ;
; DSP Block Balancing                                              ; Auto               ; Auto               ;
; NOT Gate Push-Back                                               ; On                 ; On                 ;
; Power-Up Don't Care                                              ; On                 ; On                 ;
; Remove Redundant Logic Cells                                     ; Off                ; Off                ;
; Remove Duplicate Registers                                       ; On                 ; On                 ;
; Ignore CARRY Buffers                                             ; Off                ; Off                ;
; Ignore CASCADE Buffers                                           ; Off                ; Off                ;
; Ignore GLOBAL Buffers                                            ; Off                ; Off                ;
; Ignore ROW GLOBAL Buffers                                        ; Off                ; Off                ;
; Ignore LCELL Buffers                                             ; Off                ; Off                ;
; Ignore SOFT Buffers                                              ; On                 ; On                 ;
; Limit AHDL Integers to 32 Bits                                   ; Off                ; Off                ;
; Optimization Technique                                           ; Balanced           ; Balanced           ;
; Carry Chain Length                                               ; 70                 ; 70                 ;
; Auto Carry Chains                                                ; On                 ; On                 ;
; Auto Open-Drain Pins                                             ; On                 ; On                 ;
; Perform WYSIWYG Primitive Resynthesis                            ; Off                ; Off                ;
; Auto ROM Replacement                                             ; On                 ; On                 ;
; Auto RAM Replacement                                             ; On                 ; On                 ;
; Auto DSP Block Replacement                                       ; On                 ; On                 ;
; Auto Shift Register Replacement                                  ; Auto               ; Auto               ;
; Allow Shift Register Merging across Hierarchies                  ; Auto               ; Auto               ;
; Auto Clock Enable Replacement                                    ; On                 ; On                 ;
; Strict RAM Replacement                                           ; Off                ; Off                ;
; Allow Synchronous Control Signals                                ; On                 ; On                 ;
; Force Use of Synchronous Clear Signals                           ; Off                ; Off                ;
; Auto RAM Block Balancing                                         ; On                 ; On                 ;
; Auto RAM to Logic Cell Conversion                                ; Off                ; Off                ;
; Auto Resource Sharing                                            ; Off                ; Off                ;
; Allow Any RAM Size For Recognition                               ; Off                ; Off                ;
; Allow Any ROM Size For Recognition                               ; Off                ; Off                ;
; Allow Any Shift Register Size For Recognition                    ; Off                ; Off                ;
; Use LogicLock Constraints during Resource Balancing              ; On                 ; On                 ;
; Ignore translate_off and synthesis_off directives                ; Off                ; Off                ;
; Timing-Driven Synthesis                                          ; On                 ; On                 ;
; Report Parameter Settings                                        ; On                 ; On                 ;
; Report Source Assignments                                        ; On                 ; On                 ;
; Report Connectivity Checks                                       ; On                 ; On                 ;
; Ignore Maximum Fan-Out Assignments                               ; Off                ; Off                ;
; Synchronization Register Chain Length                            ; 2                  ; 2                  ;
; Power Optimization During Synthesis                              ; Normal compilation ; Normal compilation ;
; HDL message level                                                ; Level2             ; Level2             ;
; Suppress Register Optimization Related Messages                  ; Off                ; Off                ;
; Number of Removed Registers Reported in Synthesis Report         ; 5000               ; 5000               ;
; Number of Swept Nodes Reported in Synthesis Report               ; 5000               ; 5000               ;
; Number of Inverted Registers Reported in Synthesis Report        ; 100                ; 100                ;
; Clock MUX Protection                                             ; On                 ; On                 ;
; Auto Gated Clock Conversion                                      ; Off                ; Off                ;
; Block Design Naming                                              ; Auto               ; Auto               ;
; SDC constraint protection                                        ; Off                ; Off                ;
; Synthesis Effort                                                 ; Auto               ; Auto               ;
; Shift Register Replacement - Allow Asynchronous Clear Signal     ; On                 ; On                 ;
; Pre-Mapping Resynthesis Optimization                             ; Off                ; Off                ;
; Analysis & Synthesis Message Level                               ; Medium             ; Medium             ;
; Disable Register Merging Across Hierarchies                      ; Auto               ; Auto               ;
; Resource Aware Inference For Block RAM                           ; On                 ; On                 ;
+------------------------------------------------------------------+--------------------+--------------------+


+------------------------------------------+
; Parallel Compilation                     ;
+----------------------------+-------------+
; Processors                 ; Number      ;
+----------------------------+-------------+
; Number detected on machine ; 8           ;
; Maximum allowed            ; 4           ;
;                            ;             ;
; Average used               ; 1.01        ;
; Maximum used               ; 4           ;
;                            ;             ;
; Usage by Processor         ; % Time Used ;
;     Processor 1            ; 100.0%      ;
;     Processor 2            ;   0.2%      ;
;     Processor 3            ;   0.2%      ;
;     Processor 4            ;   0.2%      ;
+----------------------------+-------------+


+---------------------------------------------------------------------------------------------------------------------------------------------------------------------------------------------------------------------------------------------+
; Analysis & Synthesis Source Files Read                                                                                                                                                                                                      ;
+----------------------------------+-----------------+---------------------------------------------+--------------------------------------------------------------------------------------------------------------------------------+---------+
; File Name with User-Entered Path ; Used in Netlist ; File Type                                   ; File Name with Absolute Path                                                                                                   ; Library ;
+----------------------------------+-----------------+---------------------------------------------+--------------------------------------------------------------------------------------------------------------------------------+---------+
; code/pl_riscv_cpu.v              ; yes             ; User Verilog HDL File                       ; C:/Users/nawaz/OneDrive/Desktop/programing/verilog/eyantra task 3/pipleine_riscv/pl_riscv_cpu/code/pl_riscv_cpu.v              ;         ;
; code/riscv_cpu.v                 ; yes             ; User Verilog HDL File                       ; C:/Users/nawaz/OneDrive/Desktop/programing/verilog/eyantra task 3/pipleine_riscv/pl_riscv_cpu/code/riscv_cpu.v                 ;         ;
; code/instr_mem.v                 ; yes             ; User Verilog HDL File                       ; C:/Users/nawaz/OneDrive/Desktop/programing/verilog/eyantra task 3/pipleine_riscv/pl_riscv_cpu/code/instr_mem.v                 ;         ;
; code/data_mem.v                  ; yes             ; User Verilog HDL File                       ; C:/Users/nawaz/OneDrive/Desktop/programing/verilog/eyantra task 3/pipleine_riscv/pl_riscv_cpu/code/data_mem.v                  ;         ;
; code/components/branching_unit.v ; yes             ; User Verilog HDL File                       ; C:/Users/nawaz/OneDrive/Desktop/programing/verilog/eyantra task 3/pipleine_riscv/pl_riscv_cpu/code/components/branching_unit.v ;         ;
; code/components/reset_ff.v       ; yes             ; User Verilog HDL File                       ; C:/Users/nawaz/OneDrive/Desktop/programing/verilog/eyantra task 3/pipleine_riscv/pl_riscv_cpu/code/components/reset_ff.v       ;         ;
; code/components/reg_file.v       ; yes             ; User Verilog HDL File                       ; C:/Users/nawaz/OneDrive/Desktop/programing/verilog/eyantra task 3/pipleine_riscv/pl_riscv_cpu/code/components/reg_file.v       ;         ;
; code/components/mux4.v           ; yes             ; User Verilog HDL File                       ; C:/Users/nawaz/OneDrive/Desktop/programing/verilog/eyantra task 3/pipleine_riscv/pl_riscv_cpu/code/components/mux4.v           ;         ;
; code/components/mux2.v           ; yes             ; User Verilog HDL File                       ; C:/Users/nawaz/OneDrive/Desktop/programing/verilog/eyantra task 3/pipleine_riscv/pl_riscv_cpu/code/components/mux2.v           ;         ;
; code/components/main_decoder.v   ; yes             ; User Verilog HDL File                       ; C:/Users/nawaz/OneDrive/Desktop/programing/verilog/eyantra task 3/pipleine_riscv/pl_riscv_cpu/code/components/main_decoder.v   ;         ;
; code/components/imm_extend.v     ; yes             ; User Verilog HDL File                       ; C:/Users/nawaz/OneDrive/Desktop/programing/verilog/eyantra task 3/pipleine_riscv/pl_riscv_cpu/code/components/imm_extend.v     ;         ;
; code/components/datapath.v       ; yes             ; User Verilog HDL File                       ; C:/Users/nawaz/OneDrive/Desktop/programing/verilog/eyantra task 3/pipleine_riscv/pl_riscv_cpu/code/components/datapath.v       ;         ;
; code/components/controller.v     ; yes             ; User Verilog HDL File                       ; C:/Users/nawaz/OneDrive/Desktop/programing/verilog/eyantra task 3/pipleine_riscv/pl_riscv_cpu/code/components/controller.v     ;         ;
; code/components/alu_decoder.v    ; yes             ; User Verilog HDL File                       ; C:/Users/nawaz/OneDrive/Desktop/programing/verilog/eyantra task 3/pipleine_riscv/pl_riscv_cpu/code/components/alu_decoder.v    ;         ;
; code/components/alu.v            ; yes             ; User Verilog HDL File                       ; C:/Users/nawaz/OneDrive/Desktop/programing/verilog/eyantra task 3/pipleine_riscv/pl_riscv_cpu/code/components/alu.v            ;         ;
; code/components/adder.v          ; yes             ; User Verilog HDL File                       ; C:/Users/nawaz/OneDrive/Desktop/programing/verilog/eyantra task 3/pipleine_riscv/pl_riscv_cpu/code/components/adder.v          ;         ;
; code/rv32i_test.hex              ; yes             ; Auto-Found Hexadecimal (Intel-Format) File  ; C:/Users/nawaz/OneDrive/Desktop/programing/verilog/eyantra task 3/pipleine_riscv/pl_riscv_cpu/code/rv32i_test.hex              ;         ;
+----------------------------------+-----------------+---------------------------------------------+--------------------------------------------------------------------------------------------------------------------------------+---------+


+---------------------------------------------------------+
; Analysis & Synthesis Resource Usage Summary             ;
+---------------------------------------------+-----------+
; Resource                                    ; Usage     ;
+---------------------------------------------+-----------+
; Estimated Total logic elements              ; 7,292     ;
;                                             ;           ;
; Total combinational functions               ; 4284      ;
; Logic element usage by number of LUT inputs ;           ;
;     -- 4 input functions                    ; 3714      ;
;     -- 3 input functions                    ; 513       ;
;     -- <=2 input functions                  ; 57        ;
;                                             ;           ;
; Logic elements by mode                      ;           ;
;     -- normal mode                          ; 4111      ;
;     -- arithmetic mode                      ; 173       ;
;                                             ;           ;
; Total registers                             ; 3104      ;
;     -- Dedicated logic registers            ; 3104      ;
;     -- I/O registers                        ; 0         ;
;                                             ;           ;
; I/O pins                                    ; 292       ;
;                                             ;           ;
; Embedded Multiplier 9-bit elements          ; 0         ;
;                                             ;           ;
; Maximum fan-out node                        ; clk~input ;
; Maximum fan-out                             ; 3104      ;
; Total fan-out                               ; 26399     ;
; Average fan-out                             ; 3.31      ;
+---------------------------------------------+-----------+


+-------------------------------------------------------------------------------------------------------------------------------------------------------------------------------------------------------------------------------------------------------+
; Analysis & Synthesis Resource Utilization by Entity                                                                                                                                                                                                   ;
+------------------------------+---------------------+---------------------------+-------------+--------------+---------+-----------+------+--------------+-------------------------------------------------------------+----------------+--------------+
; Compilation Hierarchy Node   ; Combinational ALUTs ; Dedicated Logic Registers ; Memory Bits ; DSP Elements ; DSP 9x9 ; DSP 18x18 ; Pins ; Virtual Pins ; Full Hierarchy Name                                         ; Entity Name    ; Library Name ;
+------------------------------+---------------------+---------------------------+-------------+--------------+---------+-----------+------+--------------+-------------------------------------------------------------+----------------+--------------+
; |pl_riscv_cpu                ; 4284 (68)           ; 3104 (0)                  ; 0           ; 0            ; 0       ; 0         ; 292  ; 0            ; |pl_riscv_cpu                                               ; pl_riscv_cpu   ; work         ;
;    |data_mem:datamem|        ; 1586 (1586)         ; 2048 (2048)               ; 0           ; 0            ; 0       ; 0         ; 0    ; 0            ; |pl_riscv_cpu|data_mem:datamem                              ; data_mem       ; work         ;
;    |instr_mem:instrmem|      ; 194 (194)           ; 0 (0)                     ; 0           ; 0            ; 0       ; 0         ; 0    ; 0            ; |pl_riscv_cpu|instr_mem:instrmem                            ; instr_mem      ; work         ;
;    |riscv_cpu:rvcpu|         ; 2436 (0)            ; 1056 (0)                  ; 0           ; 0            ; 0       ; 0         ; 0    ; 0            ; |pl_riscv_cpu|riscv_cpu:rvcpu                               ; riscv_cpu      ; work         ;
;       |controller:c|         ; 26 (0)              ; 0 (0)                     ; 0           ; 0            ; 0       ; 0         ; 0    ; 0            ; |pl_riscv_cpu|riscv_cpu:rvcpu|controller:c                  ; controller     ; work         ;
;          |alu_decoder:ad|    ; 7 (7)               ; 0 (0)                     ; 0           ; 0            ; 0       ; 0         ; 0    ; 0            ; |pl_riscv_cpu|riscv_cpu:rvcpu|controller:c|alu_decoder:ad   ; alu_decoder    ; work         ;
;          |main_decoder:md|   ; 19 (19)             ; 0 (0)                     ; 0           ; 0            ; 0       ; 0         ; 0    ; 0            ; |pl_riscv_cpu|riscv_cpu:rvcpu|controller:c|main_decoder:md  ; main_decoder   ; work         ;
;       |datapath:dp|          ; 2410 (11)           ; 1056 (0)                  ; 0           ; 0            ; 0       ; 0         ; 0    ; 0            ; |pl_riscv_cpu|riscv_cpu:rvcpu|datapath:dp                   ; datapath       ; work         ;
;          |adder:auipcadder|  ; 20 (20)             ; 0 (0)                     ; 0           ; 0            ; 0       ; 0         ; 0    ; 0            ; |pl_riscv_cpu|riscv_cpu:rvcpu|datapath:dp|adder:auipcadder  ; adder          ; work         ;
;          |adder:pcadd4|      ; 30 (30)             ; 0 (0)                     ; 0           ; 0            ; 0       ; 0         ; 0    ; 0            ; |pl_riscv_cpu|riscv_cpu:rvcpu|datapath:dp|adder:pcadd4      ; adder          ; work         ;
;          |adder:pcaddbranch| ; 32 (32)             ; 0 (0)                     ; 0           ; 0            ; 0       ; 0         ; 0    ; 0            ; |pl_riscv_cpu|riscv_cpu:rvcpu|datapath:dp|adder:pcaddbranch ; adder          ; work         ;
;          |alu:alu|           ; 702 (702)           ; 0 (0)                     ; 0           ; 0            ; 0       ; 0         ; 0    ; 0            ; |pl_riscv_cpu|riscv_cpu:rvcpu|datapath:dp|alu:alu           ; alu            ; work         ;
;          |branching_unit:bu| ; 1 (1)               ; 0 (0)                     ; 0           ; 0            ; 0       ; 0         ; 0    ; 0            ; |pl_riscv_cpu|riscv_cpu:rvcpu|datapath:dp|branching_unit:bu ; branching_unit ; work         ;
;          |imm_extend:ext|    ; 21 (21)             ; 0 (0)                     ; 0           ; 0            ; 0       ; 0         ; 0    ; 0            ; |pl_riscv_cpu|riscv_cpu:rvcpu|datapath:dp|imm_extend:ext    ; imm_extend     ; work         ;
;          |mux2:srcbmux|      ; 37 (37)             ; 0 (0)                     ; 0           ; 0            ; 0       ; 0         ; 0    ; 0            ; |pl_riscv_cpu|riscv_cpu:rvcpu|datapath:dp|mux2:srcbmux      ; mux2           ; work         ;
;          |mux4:resultmux|    ; 94 (94)             ; 0 (0)                     ; 0           ; 0            ; 0       ; 0         ; 0    ; 0            ; |pl_riscv_cpu|riscv_cpu:rvcpu|datapath:dp|mux4:resultmux    ; mux4           ; work         ;
;          |reg_file:rf|       ; 1429 (1429)         ; 1024 (1024)               ; 0           ; 0            ; 0       ; 0         ; 0    ; 0            ; |pl_riscv_cpu|riscv_cpu:rvcpu|datapath:dp|reg_file:rf       ; reg_file       ; work         ;
;          |reset_ff:pcreg|    ; 33 (33)             ; 32 (32)                   ; 0           ; 0            ; 0       ; 0         ; 0    ; 0            ; |pl_riscv_cpu|riscv_cpu:rvcpu|datapath:dp|reset_ff:pcreg    ; reset_ff       ; work         ;
+------------------------------+---------------------+---------------------------+-------------+--------------+---------+-----------+------+--------------+-------------------------------------------------------------+----------------+--------------+
Note: For table entries with two numbers listed, the numbers in parentheses indicate the number of resources of the given type used by the specific entity alone. The numbers listed outside of parentheses indicate the total resources of the given type used by the specific entity and all of its sub-entities in the hierarchy.


+------------------------------------------------------+
; General Register Statistics                          ;
+----------------------------------------------+-------+
; Statistic                                    ; Value ;
+----------------------------------------------+-------+
; Total registers                              ; 3104  ;
; Number of registers using Synchronous Clear  ; 32    ;
; Number of registers using Synchronous Load   ; 30    ;
; Number of registers using Asynchronous Clear ; 0     ;
; Number of registers using Asynchronous Load  ; 0     ;
; Number of registers using Clock Enable       ; 3074  ;
; Number of registers using Preset             ; 0     ;
+----------------------------------------------+-------+


+------------------------------------------------------------------------------------------------------------------------------------------------------------------------------+
; Multiplexer Restructuring Statistics (Restructuring Performed)                                                                                                               ;
+--------------------+-----------+---------------+----------------------+------------------------+------------+----------------------------------------------------------------+
; Multiplexer Inputs ; Bus Width ; Baseline Area ; Area if Restructured ; Saving if Restructured ; Registered ; Example Multiplexer Output                                     ;
+--------------------+-----------+---------------+----------------------+------------------------+------------+----------------------------------------------------------------+
; 4:1                ; 2 bits    ; 4 LEs         ; 4 LEs                ; 0 LEs                  ; Yes        ; |pl_riscv_cpu|riscv_cpu:rvcpu|datapath:dp|reset_ff:pcreg|q[0]  ;
; 4:1                ; 30 bits   ; 60 LEs        ; 60 LEs               ; 0 LEs                  ; Yes        ; |pl_riscv_cpu|riscv_cpu:rvcpu|datapath:dp|reset_ff:pcreg|q[30] ;
; 6:1                ; 16 bits   ; 64 LEs        ; 32 LEs               ; 32 LEs                 ; Yes        ; |pl_riscv_cpu|data_mem:datamem|data_ram[63][6]                 ;
; 6:1                ; 16 bits   ; 64 LEs        ; 32 LEs               ; 32 LEs                 ; Yes        ; |pl_riscv_cpu|data_mem:datamem|data_ram[62][6]                 ;
; 6:1                ; 16 bits   ; 64 LEs        ; 32 LEs               ; 32 LEs                 ; Yes        ; |pl_riscv_cpu|data_mem:datamem|data_ram[61][3]                 ;
; 6:1                ; 16 bits   ; 64 LEs        ; 32 LEs               ; 32 LEs                 ; Yes        ; |pl_riscv_cpu|data_mem:datamem|data_ram[60][23]                ;
; 6:1                ; 16 bits   ; 64 LEs        ; 32 LEs               ; 32 LEs                 ; Yes        ; |pl_riscv_cpu|data_mem:datamem|data_ram[59][23]                ;
; 6:1                ; 16 bits   ; 64 LEs        ; 32 LEs               ; 32 LEs                 ; Yes        ; |pl_riscv_cpu|data_mem:datamem|data_ram[58][19]                ;
; 6:1                ; 16 bits   ; 64 LEs        ; 32 LEs               ; 32 LEs                 ; Yes        ; |pl_riscv_cpu|data_mem:datamem|data_ram[57][19]                ;
; 6:1                ; 16 bits   ; 64 LEs        ; 32 LEs               ; 32 LEs                 ; Yes        ; |pl_riscv_cpu|data_mem:datamem|data_ram[56][3]                 ;
; 6:1                ; 16 bits   ; 64 LEs        ; 32 LEs               ; 32 LEs                 ; Yes        ; |pl_riscv_cpu|data_mem:datamem|data_ram[55][19]                ;
; 6:1                ; 16 bits   ; 64 LEs        ; 32 LEs               ; 32 LEs                 ; Yes        ; |pl_riscv_cpu|data_mem:datamem|data_ram[54][18]                ;
; 6:1                ; 16 bits   ; 64 LEs        ; 32 LEs               ; 32 LEs                 ; Yes        ; |pl_riscv_cpu|data_mem:datamem|data_ram[53][6]                 ;
; 6:1                ; 16 bits   ; 64 LEs        ; 32 LEs               ; 32 LEs                 ; Yes        ; |pl_riscv_cpu|data_mem:datamem|data_ram[52][7]                 ;
; 6:1                ; 16 bits   ; 64 LEs        ; 32 LEs               ; 32 LEs                 ; Yes        ; |pl_riscv_cpu|data_mem:datamem|data_ram[51][19]                ;
; 6:1                ; 16 bits   ; 64 LEs        ; 32 LEs               ; 32 LEs                 ; Yes        ; |pl_riscv_cpu|data_mem:datamem|data_ram[50][19]                ;
; 6:1                ; 16 bits   ; 64 LEs        ; 32 LEs               ; 32 LEs                 ; Yes        ; |pl_riscv_cpu|data_mem:datamem|data_ram[49][19]                ;
; 6:1                ; 16 bits   ; 64 LEs        ; 32 LEs               ; 32 LEs                 ; Yes        ; |pl_riscv_cpu|data_mem:datamem|data_ram[48][2]                 ;
; 6:1                ; 16 bits   ; 64 LEs        ; 32 LEs               ; 32 LEs                 ; Yes        ; |pl_riscv_cpu|data_mem:datamem|data_ram[47][19]                ;
; 6:1                ; 16 bits   ; 64 LEs        ; 32 LEs               ; 32 LEs                 ; Yes        ; |pl_riscv_cpu|data_mem:datamem|data_ram[46][19]                ;
; 6:1                ; 16 bits   ; 64 LEs        ; 32 LEs               ; 32 LEs                 ; Yes        ; |pl_riscv_cpu|data_mem:datamem|data_ram[45][19]                ;
; 6:1                ; 16 bits   ; 64 LEs        ; 32 LEs               ; 32 LEs                 ; Yes        ; |pl_riscv_cpu|data_mem:datamem|data_ram[44][3]                 ;
; 6:1                ; 16 bits   ; 64 LEs        ; 32 LEs               ; 32 LEs                 ; Yes        ; |pl_riscv_cpu|data_mem:datamem|data_ram[43][18]                ;
; 6:1                ; 16 bits   ; 64 LEs        ; 32 LEs               ; 32 LEs                 ; Yes        ; |pl_riscv_cpu|data_mem:datamem|data_ram[42][20]                ;
; 6:1                ; 16 bits   ; 64 LEs        ; 32 LEs               ; 32 LEs                 ; Yes        ; |pl_riscv_cpu|data_mem:datamem|data_ram[41][2]                 ;
; 6:1                ; 16 bits   ; 64 LEs        ; 32 LEs               ; 32 LEs                 ; Yes        ; |pl_riscv_cpu|data_mem:datamem|data_ram[40][1]                 ;
; 6:1                ; 16 bits   ; 64 LEs        ; 32 LEs               ; 32 LEs                 ; Yes        ; |pl_riscv_cpu|data_mem:datamem|data_ram[39][1]                 ;
; 6:1                ; 16 bits   ; 64 LEs        ; 32 LEs               ; 32 LEs                 ; Yes        ; |pl_riscv_cpu|data_mem:datamem|data_ram[38][0]                 ;
; 6:1                ; 16 bits   ; 64 LEs        ; 32 LEs               ; 32 LEs                 ; Yes        ; |pl_riscv_cpu|data_mem:datamem|data_ram[37][19]                ;
; 6:1                ; 16 bits   ; 64 LEs        ; 32 LEs               ; 32 LEs                 ; Yes        ; |pl_riscv_cpu|data_mem:datamem|data_ram[36][5]                 ;
; 6:1                ; 16 bits   ; 64 LEs        ; 32 LEs               ; 32 LEs                 ; Yes        ; |pl_riscv_cpu|data_mem:datamem|data_ram[35][4]                 ;
; 6:1                ; 16 bits   ; 64 LEs        ; 32 LEs               ; 32 LEs                 ; Yes        ; |pl_riscv_cpu|data_mem:datamem|data_ram[34][5]                 ;
; 6:1                ; 16 bits   ; 64 LEs        ; 32 LEs               ; 32 LEs                 ; Yes        ; |pl_riscv_cpu|data_mem:datamem|data_ram[33][2]                 ;
; 6:1                ; 16 bits   ; 64 LEs        ; 32 LEs               ; 32 LEs                 ; Yes        ; |pl_riscv_cpu|data_mem:datamem|data_ram[32][5]                 ;
; 6:1                ; 16 bits   ; 64 LEs        ; 32 LEs               ; 32 LEs                 ; Yes        ; |pl_riscv_cpu|data_mem:datamem|data_ram[31][21]                ;
; 6:1                ; 16 bits   ; 64 LEs        ; 32 LEs               ; 32 LEs                 ; Yes        ; |pl_riscv_cpu|data_mem:datamem|data_ram[30][17]                ;
; 6:1                ; 16 bits   ; 64 LEs        ; 32 LEs               ; 32 LEs                 ; Yes        ; |pl_riscv_cpu|data_mem:datamem|data_ram[29][19]                ;
; 6:1                ; 16 bits   ; 64 LEs        ; 32 LEs               ; 32 LEs                 ; Yes        ; |pl_riscv_cpu|data_mem:datamem|data_ram[28][1]                 ;
; 6:1                ; 16 bits   ; 64 LEs        ; 32 LEs               ; 32 LEs                 ; Yes        ; |pl_riscv_cpu|data_mem:datamem|data_ram[27][17]                ;
; 6:1                ; 16 bits   ; 64 LEs        ; 32 LEs               ; 32 LEs                 ; Yes        ; |pl_riscv_cpu|data_mem:datamem|data_ram[26][1]                 ;
; 6:1                ; 16 bits   ; 64 LEs        ; 32 LEs               ; 32 LEs                 ; Yes        ; |pl_riscv_cpu|data_mem:datamem|data_ram[25][6]                 ;
; 6:1                ; 16 bits   ; 64 LEs        ; 32 LEs               ; 32 LEs                 ; Yes        ; |pl_riscv_cpu|data_mem:datamem|data_ram[24][0]                 ;
; 6:1                ; 16 bits   ; 64 LEs        ; 32 LEs               ; 32 LEs                 ; Yes        ; |pl_riscv_cpu|data_mem:datamem|data_ram[23][20]                ;
; 6:1                ; 16 bits   ; 64 LEs        ; 32 LEs               ; 32 LEs                 ; Yes        ; |pl_riscv_cpu|data_mem:datamem|data_ram[22][22]                ;
; 6:1                ; 16 bits   ; 64 LEs        ; 32 LEs               ; 32 LEs                 ; Yes        ; |pl_riscv_cpu|data_mem:datamem|data_ram[21][2]                 ;
; 6:1                ; 16 bits   ; 64 LEs        ; 32 LEs               ; 32 LEs                 ; Yes        ; |pl_riscv_cpu|data_mem:datamem|data_ram[20][2]                 ;
; 6:1                ; 16 bits   ; 64 LEs        ; 32 LEs               ; 32 LEs                 ; Yes        ; |pl_riscv_cpu|data_mem:datamem|data_ram[19][7]                 ;
; 6:1                ; 16 bits   ; 64 LEs        ; 32 LEs               ; 32 LEs                 ; Yes        ; |pl_riscv_cpu|data_mem:datamem|data_ram[18][20]                ;
; 6:1                ; 16 bits   ; 64 LEs        ; 32 LEs               ; 32 LEs                 ; Yes        ; |pl_riscv_cpu|data_mem:datamem|data_ram[17][16]                ;
; 6:1                ; 16 bits   ; 64 LEs        ; 32 LEs               ; 32 LEs                 ; Yes        ; |pl_riscv_cpu|data_mem:datamem|data_ram[16][20]                ;
; 6:1                ; 16 bits   ; 64 LEs        ; 32 LEs               ; 32 LEs                 ; Yes        ; |pl_riscv_cpu|data_mem:datamem|data_ram[15][17]                ;
; 6:1                ; 16 bits   ; 64 LEs        ; 32 LEs               ; 32 LEs                 ; Yes        ; |pl_riscv_cpu|data_mem:datamem|data_ram[14][20]                ;
; 6:1                ; 16 bits   ; 64 LEs        ; 32 LEs               ; 32 LEs                 ; Yes        ; |pl_riscv_cpu|data_mem:datamem|data_ram[13][21]                ;
; 6:1                ; 16 bits   ; 64 LEs        ; 32 LEs               ; 32 LEs                 ; Yes        ; |pl_riscv_cpu|data_mem:datamem|data_ram[12][20]                ;
; 6:1                ; 16 bits   ; 64 LEs        ; 32 LEs               ; 32 LEs                 ; Yes        ; |pl_riscv_cpu|data_mem:datamem|data_ram[11][19]                ;
; 6:1                ; 16 bits   ; 64 LEs        ; 32 LEs               ; 32 LEs                 ; Yes        ; |pl_riscv_cpu|data_mem:datamem|data_ram[10][2]                 ;
; 6:1                ; 16 bits   ; 64 LEs        ; 32 LEs               ; 32 LEs                 ; Yes        ; |pl_riscv_cpu|data_mem:datamem|data_ram[9][17]                 ;
; 6:1                ; 16 bits   ; 64 LEs        ; 32 LEs               ; 32 LEs                 ; Yes        ; |pl_riscv_cpu|data_mem:datamem|data_ram[8][22]                 ;
; 6:1                ; 16 bits   ; 64 LEs        ; 32 LEs               ; 32 LEs                 ; Yes        ; |pl_riscv_cpu|data_mem:datamem|data_ram[7][17]                 ;
; 6:1                ; 16 bits   ; 64 LEs        ; 32 LEs               ; 32 LEs                 ; Yes        ; |pl_riscv_cpu|data_mem:datamem|data_ram[6][5]                  ;
; 6:1                ; 16 bits   ; 64 LEs        ; 32 LEs               ; 32 LEs                 ; Yes        ; |pl_riscv_cpu|data_mem:datamem|data_ram[5][20]                 ;
; 6:1                ; 16 bits   ; 64 LEs        ; 32 LEs               ; 32 LEs                 ; Yes        ; |pl_riscv_cpu|data_mem:datamem|data_ram[4][5]                  ;
; 6:1                ; 16 bits   ; 64 LEs        ; 32 LEs               ; 32 LEs                 ; Yes        ; |pl_riscv_cpu|data_mem:datamem|data_ram[3][3]                  ;
; 6:1                ; 16 bits   ; 64 LEs        ; 32 LEs               ; 32 LEs                 ; Yes        ; |pl_riscv_cpu|data_mem:datamem|data_ram[2][22]                 ;
; 6:1                ; 16 bits   ; 64 LEs        ; 32 LEs               ; 32 LEs                 ; Yes        ; |pl_riscv_cpu|data_mem:datamem|data_ram[1][16]                 ;
; 6:1                ; 16 bits   ; 64 LEs        ; 32 LEs               ; 32 LEs                 ; Yes        ; |pl_riscv_cpu|data_mem:datamem|data_ram[0][16]                 ;
; 8:1                ; 16 bits   ; 80 LEs        ; 32 LEs               ; 48 LEs                 ; Yes        ; |pl_riscv_cpu|data_mem:datamem|data_ram[63][24]                ;
; 8:1                ; 16 bits   ; 80 LEs        ; 32 LEs               ; 48 LEs                 ; Yes        ; |pl_riscv_cpu|data_mem:datamem|data_ram[62][31]                ;
; 8:1                ; 16 bits   ; 80 LEs        ; 32 LEs               ; 48 LEs                 ; Yes        ; |pl_riscv_cpu|data_mem:datamem|data_ram[61][31]                ;
; 8:1                ; 16 bits   ; 80 LEs        ; 32 LEs               ; 48 LEs                 ; Yes        ; |pl_riscv_cpu|data_mem:datamem|data_ram[60][27]                ;
; 8:1                ; 16 bits   ; 80 LEs        ; 32 LEs               ; 48 LEs                 ; Yes        ; |pl_riscv_cpu|data_mem:datamem|data_ram[59][27]                ;
; 8:1                ; 16 bits   ; 80 LEs        ; 32 LEs               ; 48 LEs                 ; Yes        ; |pl_riscv_cpu|data_mem:datamem|data_ram[58][24]                ;
; 8:1                ; 16 bits   ; 80 LEs        ; 32 LEs               ; 48 LEs                 ; Yes        ; |pl_riscv_cpu|data_mem:datamem|data_ram[57][29]                ;
; 8:1                ; 16 bits   ; 80 LEs        ; 32 LEs               ; 48 LEs                 ; Yes        ; |pl_riscv_cpu|data_mem:datamem|data_ram[56][8]                 ;
; 8:1                ; 16 bits   ; 80 LEs        ; 32 LEs               ; 48 LEs                 ; Yes        ; |pl_riscv_cpu|data_mem:datamem|data_ram[55][26]                ;
; 8:1                ; 16 bits   ; 80 LEs        ; 32 LEs               ; 48 LEs                 ; Yes        ; |pl_riscv_cpu|data_mem:datamem|data_ram[54][9]                 ;
; 8:1                ; 16 bits   ; 80 LEs        ; 32 LEs               ; 48 LEs                 ; Yes        ; |pl_riscv_cpu|data_mem:datamem|data_ram[53][29]                ;
; 8:1                ; 16 bits   ; 80 LEs        ; 32 LEs               ; 48 LEs                 ; Yes        ; |pl_riscv_cpu|data_mem:datamem|data_ram[52][30]                ;
; 8:1                ; 16 bits   ; 80 LEs        ; 32 LEs               ; 48 LEs                 ; Yes        ; |pl_riscv_cpu|data_mem:datamem|data_ram[51][11]                ;
; 8:1                ; 16 bits   ; 80 LEs        ; 32 LEs               ; 48 LEs                 ; Yes        ; |pl_riscv_cpu|data_mem:datamem|data_ram[50][31]                ;
; 8:1                ; 16 bits   ; 80 LEs        ; 32 LEs               ; 48 LEs                 ; Yes        ; |pl_riscv_cpu|data_mem:datamem|data_ram[49][28]                ;
; 8:1                ; 16 bits   ; 80 LEs        ; 32 LEs               ; 48 LEs                 ; Yes        ; |pl_riscv_cpu|data_mem:datamem|data_ram[48][11]                ;
; 8:1                ; 16 bits   ; 80 LEs        ; 32 LEs               ; 48 LEs                 ; Yes        ; |pl_riscv_cpu|data_mem:datamem|data_ram[47][15]                ;
; 8:1                ; 16 bits   ; 80 LEs        ; 32 LEs               ; 48 LEs                 ; Yes        ; |pl_riscv_cpu|data_mem:datamem|data_ram[46][15]                ;
; 8:1                ; 16 bits   ; 80 LEs        ; 32 LEs               ; 48 LEs                 ; Yes        ; |pl_riscv_cpu|data_mem:datamem|data_ram[45][15]                ;
; 8:1                ; 16 bits   ; 80 LEs        ; 32 LEs               ; 48 LEs                 ; Yes        ; |pl_riscv_cpu|data_mem:datamem|data_ram[44][15]                ;
; 8:1                ; 16 bits   ; 80 LEs        ; 32 LEs               ; 48 LEs                 ; Yes        ; |pl_riscv_cpu|data_mem:datamem|data_ram[43][13]                ;
; 8:1                ; 16 bits   ; 80 LEs        ; 32 LEs               ; 48 LEs                 ; Yes        ; |pl_riscv_cpu|data_mem:datamem|data_ram[42][14]                ;
; 8:1                ; 16 bits   ; 80 LEs        ; 32 LEs               ; 48 LEs                 ; Yes        ; |pl_riscv_cpu|data_mem:datamem|data_ram[41][25]                ;
; 8:1                ; 16 bits   ; 80 LEs        ; 32 LEs               ; 48 LEs                 ; Yes        ; |pl_riscv_cpu|data_mem:datamem|data_ram[40][31]                ;
; 8:1                ; 16 bits   ; 80 LEs        ; 32 LEs               ; 48 LEs                 ; Yes        ; |pl_riscv_cpu|data_mem:datamem|data_ram[39][14]                ;
; 8:1                ; 16 bits   ; 80 LEs        ; 32 LEs               ; 48 LEs                 ; Yes        ; |pl_riscv_cpu|data_mem:datamem|data_ram[38][13]                ;
; 8:1                ; 16 bits   ; 80 LEs        ; 32 LEs               ; 48 LEs                 ; Yes        ; |pl_riscv_cpu|data_mem:datamem|data_ram[37][15]                ;
; 8:1                ; 16 bits   ; 80 LEs        ; 32 LEs               ; 48 LEs                 ; Yes        ; |pl_riscv_cpu|data_mem:datamem|data_ram[36][15]                ;
; 8:1                ; 16 bits   ; 80 LEs        ; 32 LEs               ; 48 LEs                 ; Yes        ; |pl_riscv_cpu|data_mem:datamem|data_ram[35][10]                ;
; 8:1                ; 16 bits   ; 80 LEs        ; 32 LEs               ; 48 LEs                 ; Yes        ; |pl_riscv_cpu|data_mem:datamem|data_ram[34][11]                ;
; 8:1                ; 16 bits   ; 80 LEs        ; 32 LEs               ; 48 LEs                 ; Yes        ; |pl_riscv_cpu|data_mem:datamem|data_ram[33][13]                ;
; 8:1                ; 16 bits   ; 80 LEs        ; 32 LEs               ; 48 LEs                 ; Yes        ; |pl_riscv_cpu|data_mem:datamem|data_ram[32][31]                ;
; 8:1                ; 16 bits   ; 80 LEs        ; 32 LEs               ; 48 LEs                 ; Yes        ; |pl_riscv_cpu|data_mem:datamem|data_ram[31][11]                ;
; 8:1                ; 16 bits   ; 80 LEs        ; 32 LEs               ; 48 LEs                 ; Yes        ; |pl_riscv_cpu|data_mem:datamem|data_ram[30][12]                ;
; 8:1                ; 16 bits   ; 80 LEs        ; 32 LEs               ; 48 LEs                 ; Yes        ; |pl_riscv_cpu|data_mem:datamem|data_ram[29][12]                ;
; 8:1                ; 16 bits   ; 80 LEs        ; 32 LEs               ; 48 LEs                 ; Yes        ; |pl_riscv_cpu|data_mem:datamem|data_ram[28][12]                ;
; 8:1                ; 16 bits   ; 80 LEs        ; 32 LEs               ; 48 LEs                 ; Yes        ; |pl_riscv_cpu|data_mem:datamem|data_ram[27][30]                ;
; 8:1                ; 16 bits   ; 80 LEs        ; 32 LEs               ; 48 LEs                 ; Yes        ; |pl_riscv_cpu|data_mem:datamem|data_ram[26][25]                ;
; 8:1                ; 16 bits   ; 80 LEs        ; 32 LEs               ; 48 LEs                 ; Yes        ; |pl_riscv_cpu|data_mem:datamem|data_ram[25][26]                ;
; 8:1                ; 16 bits   ; 80 LEs        ; 32 LEs               ; 48 LEs                 ; Yes        ; |pl_riscv_cpu|data_mem:datamem|data_ram[24][10]                ;
; 8:1                ; 16 bits   ; 80 LEs        ; 32 LEs               ; 48 LEs                 ; Yes        ; |pl_riscv_cpu|data_mem:datamem|data_ram[23][9]                 ;
; 8:1                ; 16 bits   ; 80 LEs        ; 32 LEs               ; 48 LEs                 ; Yes        ; |pl_riscv_cpu|data_mem:datamem|data_ram[22][10]                ;
; 8:1                ; 16 bits   ; 80 LEs        ; 32 LEs               ; 48 LEs                 ; Yes        ; |pl_riscv_cpu|data_mem:datamem|data_ram[21][13]                ;
; 8:1                ; 16 bits   ; 80 LEs        ; 32 LEs               ; 48 LEs                 ; Yes        ; |pl_riscv_cpu|data_mem:datamem|data_ram[20][28]                ;
; 8:1                ; 16 bits   ; 80 LEs        ; 32 LEs               ; 48 LEs                 ; Yes        ; |pl_riscv_cpu|data_mem:datamem|data_ram[19][28]                ;
; 8:1                ; 16 bits   ; 80 LEs        ; 32 LEs               ; 48 LEs                 ; Yes        ; |pl_riscv_cpu|data_mem:datamem|data_ram[18][12]                ;
; 8:1                ; 16 bits   ; 80 LEs        ; 32 LEs               ; 48 LEs                 ; Yes        ; |pl_riscv_cpu|data_mem:datamem|data_ram[17][11]                ;
; 8:1                ; 16 bits   ; 80 LEs        ; 32 LEs               ; 48 LEs                 ; Yes        ; |pl_riscv_cpu|data_mem:datamem|data_ram[16][27]                ;
; 8:1                ; 16 bits   ; 80 LEs        ; 32 LEs               ; 48 LEs                 ; Yes        ; |pl_riscv_cpu|data_mem:datamem|data_ram[15][24]                ;
; 8:1                ; 16 bits   ; 80 LEs        ; 32 LEs               ; 48 LEs                 ; Yes        ; |pl_riscv_cpu|data_mem:datamem|data_ram[14][31]                ;
; 8:1                ; 16 bits   ; 80 LEs        ; 32 LEs               ; 48 LEs                 ; Yes        ; |pl_riscv_cpu|data_mem:datamem|data_ram[13][14]                ;
; 8:1                ; 16 bits   ; 80 LEs        ; 32 LEs               ; 48 LEs                 ; Yes        ; |pl_riscv_cpu|data_mem:datamem|data_ram[12][13]                ;
; 8:1                ; 16 bits   ; 80 LEs        ; 32 LEs               ; 48 LEs                 ; Yes        ; |pl_riscv_cpu|data_mem:datamem|data_ram[11][13]                ;
; 8:1                ; 16 bits   ; 80 LEs        ; 32 LEs               ; 48 LEs                 ; Yes        ; |pl_riscv_cpu|data_mem:datamem|data_ram[10][13]                ;
; 8:1                ; 16 bits   ; 80 LEs        ; 32 LEs               ; 48 LEs                 ; Yes        ; |pl_riscv_cpu|data_mem:datamem|data_ram[9][13]                 ;
; 8:1                ; 16 bits   ; 80 LEs        ; 32 LEs               ; 48 LEs                 ; Yes        ; |pl_riscv_cpu|data_mem:datamem|data_ram[8][13]                 ;
; 8:1                ; 16 bits   ; 80 LEs        ; 32 LEs               ; 48 LEs                 ; Yes        ; |pl_riscv_cpu|data_mem:datamem|data_ram[7][13]                 ;
; 8:1                ; 16 bits   ; 80 LEs        ; 32 LEs               ; 48 LEs                 ; Yes        ; |pl_riscv_cpu|data_mem:datamem|data_ram[6][11]                 ;
; 8:1                ; 16 bits   ; 80 LEs        ; 32 LEs               ; 48 LEs                 ; Yes        ; |pl_riscv_cpu|data_mem:datamem|data_ram[5][10]                 ;
; 8:1                ; 16 bits   ; 80 LEs        ; 32 LEs               ; 48 LEs                 ; Yes        ; |pl_riscv_cpu|data_mem:datamem|data_ram[4][9]                  ;
; 8:1                ; 16 bits   ; 80 LEs        ; 32 LEs               ; 48 LEs                 ; Yes        ; |pl_riscv_cpu|data_mem:datamem|data_ram[3][9]                  ;
; 8:1                ; 16 bits   ; 80 LEs        ; 32 LEs               ; 48 LEs                 ; Yes        ; |pl_riscv_cpu|data_mem:datamem|data_ram[2][9]                  ;
; 8:1                ; 16 bits   ; 80 LEs        ; 32 LEs               ; 48 LEs                 ; Yes        ; |pl_riscv_cpu|data_mem:datamem|data_ram[1][30]                 ;
; 8:1                ; 16 bits   ; 80 LEs        ; 32 LEs               ; 48 LEs                 ; Yes        ; |pl_riscv_cpu|data_mem:datamem|data_ram[0][14]                 ;
; 4:1                ; 4 bits    ; 8 LEs         ; 8 LEs                ; 0 LEs                  ; No         ; |pl_riscv_cpu|data_mem:datamem|Mux40                           ;
; 5:1                ; 10 bits   ; 30 LEs        ; 20 LEs               ; 10 LEs                 ; No         ; |pl_riscv_cpu|riscv_cpu:rvcpu|datapath:dp|mux4:resultmux|y[8]  ;
; 5:1                ; 20 bits   ; 60 LEs        ; 60 LEs               ; 0 LEs                  ; No         ; |pl_riscv_cpu|riscv_cpu:rvcpu|datapath:dp|mux4:resultmux|y[29] ;
; 4:1                ; 2 bits    ; 4 LEs         ; 4 LEs                ; 0 LEs                  ; No         ; |pl_riscv_cpu|riscv_cpu:rvcpu|datapath:dp|mux4:resultmux|y[0]  ;
; 4:1                ; 7 bits    ; 14 LEs        ; 14 LEs               ; 0 LEs                  ; No         ; |pl_riscv_cpu|data_mem:datamem|Mux2138                         ;
; 3:1                ; 8 bits    ; 16 LEs        ; 16 LEs               ; 0 LEs                  ; No         ; |pl_riscv_cpu|data_mem:datamem|Mux2135                         ;
; 64:1               ; 32 bits   ; 1344 LEs      ; 1344 LEs             ; 0 LEs                  ; No         ; |pl_riscv_cpu|data_mem:datamem|Mux11                           ;
; 19:1               ; 8 bits    ; 96 LEs        ; 48 LEs               ; 48 LEs                 ; No         ; |pl_riscv_cpu|riscv_cpu:rvcpu|datapath:dp|alu:alu|Mux19        ;
; 20:1               ; 7 bits    ; 91 LEs        ; 49 LEs               ; 42 LEs                 ; No         ; |pl_riscv_cpu|riscv_cpu:rvcpu|datapath:dp|alu:alu|Mux14        ;
; 20:1               ; 4 bits    ; 52 LEs        ; 24 LEs               ; 28 LEs                 ; No         ; |pl_riscv_cpu|riscv_cpu:rvcpu|datapath:dp|alu:alu|Mux27        ;
; 21:1               ; 4 bits    ; 56 LEs        ; 32 LEs               ; 24 LEs                 ; No         ; |pl_riscv_cpu|riscv_cpu:rvcpu|datapath:dp|alu:alu|Mux7         ;
; 21:1               ; 2 bits    ; 28 LEs        ; 16 LEs               ; 12 LEs                 ; No         ; |pl_riscv_cpu|riscv_cpu:rvcpu|datapath:dp|alu:alu|Mux29        ;
; 22:1               ; 2 bits    ; 28 LEs        ; 18 LEs               ; 10 LEs                 ; No         ; |pl_riscv_cpu|riscv_cpu:rvcpu|datapath:dp|alu:alu|Mux2         ;
+--------------------+-----------+---------------+----------------------+------------------------+------------+----------------------------------------------------------------+


+-------------------------------------------------------------------------------------+
; Parameter Settings for User Entity Instance: riscv_cpu:rvcpu|datapath:dp|mux2:pcmux ;
+----------------+-------+------------------------------------------------------------+
; Parameter Name ; Value ; Type                                                       ;
+----------------+-------+------------------------------------------------------------+
; WIDTH          ; 32    ; Signed Integer                                             ;
+----------------+-------+------------------------------------------------------------+
Note: In order to hide this table in the UI and the text report file, please set the "Show Parameter Settings in Synthesis Report" option in "Analysis and Synthesis Settings -> More Settings" to "Off".


+---------------------------------------------------------------------------------------+
; Parameter Settings for User Entity Instance: riscv_cpu:rvcpu|datapath:dp|mux2:jalrmux ;
+----------------+-------+--------------------------------------------------------------+
; Parameter Name ; Value ; Type                                                         ;
+----------------+-------+--------------------------------------------------------------+
; WIDTH          ; 32    ; Signed Integer                                               ;
+----------------+-------+--------------------------------------------------------------+
Note: In order to hide this table in the UI and the text report file, please set the "Show Parameter Settings in Synthesis Report" option in "Analysis and Synthesis Settings -> More Settings" to "Off".


+-----------------------------------------------------------------------------------------+
; Parameter Settings for User Entity Instance: riscv_cpu:rvcpu|datapath:dp|reset_ff:pcreg ;
+----------------+-------+----------------------------------------------------------------+
; Parameter Name ; Value ; Type                                                           ;
+----------------+-------+----------------------------------------------------------------+
; WIDTH          ; 32    ; Signed Integer                                                 ;
+----------------+-------+----------------------------------------------------------------+
Note: In order to hide this table in the UI and the text report file, please set the "Show Parameter Settings in Synthesis Report" option in "Analysis and Synthesis Settings -> More Settings" to "Off".


+---------------------------------------------------------------------------------------+
; Parameter Settings for User Entity Instance: riscv_cpu:rvcpu|datapath:dp|adder:pcadd4 ;
+----------------+-------+--------------------------------------------------------------+
; Parameter Name ; Value ; Type                                                         ;
+----------------+-------+--------------------------------------------------------------+
; WIDTH          ; 32    ; Signed Integer                                               ;
+----------------+-------+--------------------------------------------------------------+
Note: In order to hide this table in the UI and the text report file, please set the "Show Parameter Settings in Synthesis Report" option in "Analysis and Synthesis Settings -> More Settings" to "Off".


+--------------------------------------------------------------------------------------------+
; Parameter Settings for User Entity Instance: riscv_cpu:rvcpu|datapath:dp|adder:pcaddbranch ;
+----------------+-------+-------------------------------------------------------------------+
; Parameter Name ; Value ; Type                                                              ;
+----------------+-------+-------------------------------------------------------------------+
; WIDTH          ; 32    ; Signed Integer                                                    ;
+----------------+-------+-------------------------------------------------------------------+
Note: In order to hide this table in the UI and the text report file, please set the "Show Parameter Settings in Synthesis Report" option in "Analysis and Synthesis Settings -> More Settings" to "Off".


+--------------------------------------------------------------------------------------+
; Parameter Settings for User Entity Instance: riscv_cpu:rvcpu|datapath:dp|reg_file:rf ;
+----------------+-------+-------------------------------------------------------------+
; Parameter Name ; Value ; Type                                                        ;
+----------------+-------+-------------------------------------------------------------+
; DATA_WIDTH     ; 32    ; Signed Integer                                              ;
+----------------+-------+-------------------------------------------------------------+
Note: In order to hide this table in the UI and the text report file, please set the "Show Parameter Settings in Synthesis Report" option in "Analysis and Synthesis Settings -> More Settings" to "Off".


+---------------------------------------------------------------------------------------+
; Parameter Settings for User Entity Instance: riscv_cpu:rvcpu|datapath:dp|mux2:srcbmux ;
+----------------+-------+--------------------------------------------------------------+
; Parameter Name ; Value ; Type                                                         ;
+----------------+-------+--------------------------------------------------------------+
; WIDTH          ; 32    ; Signed Integer                                               ;
+----------------+-------+--------------------------------------------------------------+
Note: In order to hide this table in the UI and the text report file, please set the "Show Parameter Settings in Synthesis Report" option in "Analysis and Synthesis Settings -> More Settings" to "Off".


+----------------------------------------------------------------------------------+
; Parameter Settings for User Entity Instance: riscv_cpu:rvcpu|datapath:dp|alu:alu ;
+----------------+-------+---------------------------------------------------------+
; Parameter Name ; Value ; Type                                                    ;
+----------------+-------+---------------------------------------------------------+
; WIDTH          ; 32    ; Signed Integer                                          ;
+----------------+-------+---------------------------------------------------------+
Note: In order to hide this table in the UI and the text report file, please set the "Show Parameter Settings in Synthesis Report" option in "Analysis and Synthesis Settings -> More Settings" to "Off".


+-------------------------------------------------------------------------------------------+
; Parameter Settings for User Entity Instance: riscv_cpu:rvcpu|datapath:dp|adder:auipcadder ;
+----------------+-------+------------------------------------------------------------------+
; Parameter Name ; Value ; Type                                                             ;
+----------------+-------+------------------------------------------------------------------+
; WIDTH          ; 32    ; Signed Integer                                                   ;
+----------------+-------+------------------------------------------------------------------+
Note: In order to hide this table in the UI and the text report file, please set the "Show Parameter Settings in Synthesis Report" option in "Analysis and Synthesis Settings -> More Settings" to "Off".


+-----------------------------------------------------------------------------------------+
; Parameter Settings for User Entity Instance: riscv_cpu:rvcpu|datapath:dp|mux2:lauipcmux ;
+----------------+-------+----------------------------------------------------------------+
; Parameter Name ; Value ; Type                                                           ;
+----------------+-------+----------------------------------------------------------------+
; WIDTH          ; 32    ; Signed Integer                                                 ;
+----------------+-------+----------------------------------------------------------------+
Note: In order to hide this table in the UI and the text report file, please set the "Show Parameter Settings in Synthesis Report" option in "Analysis and Synthesis Settings -> More Settings" to "Off".


+-----------------------------------------------------------------------------------------+
; Parameter Settings for User Entity Instance: riscv_cpu:rvcpu|datapath:dp|mux4:resultmux ;
+----------------+-------+----------------------------------------------------------------+
; Parameter Name ; Value ; Type                                                           ;
+----------------+-------+----------------------------------------------------------------+
; WIDTH          ; 32    ; Signed Integer                                                 ;
+----------------+-------+----------------------------------------------------------------+
Note: In order to hide this table in the UI and the text report file, please set the "Show Parameter Settings in Synthesis Report" option in "Analysis and Synthesis Settings -> More Settings" to "Off".


+-----------------------------------------------------------------+
; Parameter Settings for User Entity Instance: instr_mem:instrmem ;
+----------------+-------+----------------------------------------+
; Parameter Name ; Value ; Type                                   ;
+----------------+-------+----------------------------------------+
; DATA_WIDTH     ; 32    ; Signed Integer                         ;
; ADDR_WIDTH     ; 32    ; Signed Integer                         ;
; MEM_SIZE       ; 512   ; Signed Integer                         ;
+----------------+-------+----------------------------------------+
Note: In order to hide this table in the UI and the text report file, please set the "Show Parameter Settings in Synthesis Report" option in "Analysis and Synthesis Settings -> More Settings" to "Off".


+---------------------------------------------------------------+
; Parameter Settings for User Entity Instance: data_mem:datamem ;
+----------------+-------+--------------------------------------+
; Parameter Name ; Value ; Type                                 ;
+----------------+-------+--------------------------------------+
; DATA_WIDTH     ; 32    ; Signed Integer                       ;
; ADDR_WIDTH     ; 32    ; Signed Integer                       ;
; MEM_SIZE       ; 64    ; Signed Integer                       ;
+----------------+-------+--------------------------------------+
Note: In order to hide this table in the UI and the text report file, please set the "Show Parameter Settings in Synthesis Report" option in "Analysis and Synthesis Settings -> More Settings" to "Off".


+------------------------------------------------------------------------+
; Port Connectivity Checks: "riscv_cpu:rvcpu|datapath:dp|mux2:lauipcmux" ;
+-----------+-------+----------+-----------------------------------------+
; Port      ; Type  ; Severity ; Details                                 ;
+-----------+-------+----------+-----------------------------------------+
; d1[11..0] ; Input ; Info     ; Stuck at GND                            ;
+-----------+-------+----------+-----------------------------------------+


+--------------------------------------------------------------------------+
; Port Connectivity Checks: "riscv_cpu:rvcpu|datapath:dp|adder:auipcadder" ;
+----------+-------+----------+--------------------------------------------+
; Port     ; Type  ; Severity ; Details                                    ;
+----------+-------+----------+--------------------------------------------+
; a[11..0] ; Input ; Info     ; Stuck at GND                               ;
+----------+-------+----------+--------------------------------------------+


+----------------------------------------------------------------------+
; Port Connectivity Checks: "riscv_cpu:rvcpu|datapath:dp|adder:pcadd4" ;
+----------+-------+----------+----------------------------------------+
; Port     ; Type  ; Severity ; Details                                ;
+----------+-------+----------+----------------------------------------+
; b[31..3] ; Input ; Info     ; Stuck at GND                           ;
; b[1..0]  ; Input ; Info     ; Stuck at GND                           ;
; b[2]     ; Input ; Info     ; Stuck at VCC                           ;
+----------+-------+----------+----------------------------------------+


+------------------------------------------------------------------------+
; Port Connectivity Checks: "riscv_cpu:rvcpu|datapath:dp|reset_ff:pcreg" ;
+------+-------+----------+----------------------------------------------+
; Port ; Type  ; Severity ; Details                                      ;
+------+-------+----------+----------------------------------------------+
; clr  ; Input ; Info     ; Stuck at GND                                 ;
+------+-------+----------+----------------------------------------------+


+-----------------------------------------------------+
; Post-Synthesis Netlist Statistics for Top Partition ;
+-----------------------+-----------------------------+
; Type                  ; Count                       ;
+-----------------------+-----------------------------+
; boundary_port         ; 292                         ;
; cycloneiii_ff         ; 3104                        ;
;     ENA               ; 3072                        ;
;     ENA SCLR          ; 2                           ;
;     SCLR SLD          ; 30                          ;
; cycloneiii_lcell_comb ; 4284                        ;
;     arith             ; 173                         ;
;         2 data inputs ; 30                          ;
;         3 data inputs ; 143                         ;
;     normal            ; 4111                        ;
;         1 data inputs ; 1                           ;
;         2 data inputs ; 26                          ;
;         3 data inputs ; 370                         ;
;         4 data inputs ; 3714                        ;
;                       ;                             ;
; Max LUT depth         ; 31.00                       ;
; Average LUT depth     ; 20.50                       ;
+-----------------------+-----------------------------+


+-------------------------------+
; Elapsed Time Per Partition    ;
+----------------+--------------+
; Partition Name ; Elapsed Time ;
+----------------+--------------+
; Top            ; 00:00:13     ;
+----------------+--------------+


+-------------------------------+
; Analysis & Synthesis Messages ;
+-------------------------------+
Info: *******************************************************************
Info: Running Quartus Prime Analysis & Synthesis
    Info: Version 20.1.1 Build 720 11/11/2020 SJ Lite Edition
    Info: Processing started: Mon Dec 09 23:33:46 2024
Info: Command: quartus_map --read_settings_files=on --write_settings_files=off pl_riscv_cpu -c pl_riscv_cpu
Warning (18236): Number of processors has not been specified which may cause overloading on shared machines.  Set the global assignment NUM_PARALLEL_PROCESSORS in your QSF to an appropriate value for best performance.
Info (20030): Parallel compilation is enabled and will use 4 of the 4 processors detected
Info (12021): Found 1 design units, including 1 entities, in source file code/pl_riscv_cpu.v
    Info (12023): Found entity 1: pl_riscv_cpu File: C:/Users/nawaz/OneDrive/Desktop/programing/verilog/eyantra task 3/pipleine_riscv/pl_riscv_cpu/code/pl_riscv_cpu.v Line: 4
Info (12021): Found 1 design units, including 1 entities, in source file code/riscv_cpu.v
    Info (12023): Found entity 1: riscv_cpu File: C:/Users/nawaz/OneDrive/Desktop/programing/verilog/eyantra task 3/pipleine_riscv/pl_riscv_cpu/code/riscv_cpu.v Line: 4
Info (12021): Found 1 design units, including 1 entities, in source file code/instr_mem.v
    Info (12023): Found entity 1: instr_mem File: C:/Users/nawaz/OneDrive/Desktop/programing/verilog/eyantra task 3/pipleine_riscv/pl_riscv_cpu/code/instr_mem.v Line: 4
Info (12021): Found 1 design units, including 1 entities, in source file code/data_mem.v
    Info (12023): Found entity 1: data_mem File: C:/Users/nawaz/OneDrive/Desktop/programing/verilog/eyantra task 3/pipleine_riscv/pl_riscv_cpu/code/data_mem.v Line: 4
Info (12021): Found 1 design units, including 1 entities, in source file code/components/pl_reg_fd.v
    Info (12023): Found entity 1: pl_reg_fd File: C:/Users/nawaz/OneDrive/Desktop/programing/verilog/eyantra task 3/pipleine_riscv/pl_riscv_cpu/code/components/pl_reg_fd.v Line: 4
Info (12021): Found 1 design units, including 1 entities, in source file code/components/branching_unit.v
    Info (12023): Found entity 1: branching_unit File: C:/Users/nawaz/OneDrive/Desktop/programing/verilog/eyantra task 3/pipleine_riscv/pl_riscv_cpu/code/components/branching_unit.v Line: 4
Info (12021): Found 1 design units, including 1 entities, in source file code/components/reset_ff.v
    Info (12023): Found entity 1: reset_ff File: C:/Users/nawaz/OneDrive/Desktop/programing/verilog/eyantra task 3/pipleine_riscv/pl_riscv_cpu/code/components/reset_ff.v Line: 4
Info (12021): Found 1 design units, including 1 entities, in source file code/components/reg_file.v
    Info (12023): Found entity 1: reg_file File: C:/Users/nawaz/OneDrive/Desktop/programing/verilog/eyantra task 3/pipleine_riscv/pl_riscv_cpu/code/components/reg_file.v Line: 8
Info (12021): Found 1 design units, including 1 entities, in source file code/components/mux4.v
    Info (12023): Found entity 1: mux4 File: C:/Users/nawaz/OneDrive/Desktop/programing/verilog/eyantra task 3/pipleine_riscv/pl_riscv_cpu/code/components/mux4.v Line: 4
Info (12021): Found 1 design units, including 1 entities, in source file code/components/mux3.v
    Info (12023): Found entity 1: mux3 File: C:/Users/nawaz/OneDrive/Desktop/programing/verilog/eyantra task 3/pipleine_riscv/pl_riscv_cpu/code/components/mux3.v Line: 4
Info (12021): Found 1 design units, including 1 entities, in source file code/components/mux2.v
    Info (12023): Found entity 1: mux2 File: C:/Users/nawaz/OneDrive/Desktop/programing/verilog/eyantra task 3/pipleine_riscv/pl_riscv_cpu/code/components/mux2.v Line: 4
Info (12021): Found 1 design units, including 1 entities, in source file code/components/main_decoder.v
    Info (12023): Found entity 1: main_decoder File: C:/Users/nawaz/OneDrive/Desktop/programing/verilog/eyantra task 3/pipleine_riscv/pl_riscv_cpu/code/components/main_decoder.v Line: 4
Info (12021): Found 1 design units, including 1 entities, in source file code/components/imm_extend.v
    Info (12023): Found entity 1: imm_extend File: C:/Users/nawaz/OneDrive/Desktop/programing/verilog/eyantra task 3/pipleine_riscv/pl_riscv_cpu/code/components/imm_extend.v Line: 3
Info (12021): Found 1 design units, including 1 entities, in source file code/components/datapath.v
    Info (12023): Found entity 1: datapath File: C:/Users/nawaz/OneDrive/Desktop/programing/verilog/eyantra task 3/pipleine_riscv/pl_riscv_cpu/code/components/datapath.v Line: 3
Info (12021): Found 1 design units, including 1 entities, in source file code/components/controller.v
    Info (12023): Found entity 1: controller File: C:/Users/nawaz/OneDrive/Desktop/programing/verilog/eyantra task 3/pipleine_riscv/pl_riscv_cpu/code/components/controller.v Line: 4
Info (12021): Found 1 design units, including 1 entities, in source file code/components/alu_decoder.v
    Info (12023): Found entity 1: alu_decoder File: C:/Users/nawaz/OneDrive/Desktop/programing/verilog/eyantra task 3/pipleine_riscv/pl_riscv_cpu/code/components/alu_decoder.v Line: 4
Info (12021): Found 1 design units, including 1 entities, in source file code/components/alu.v
    Info (12023): Found entity 1: alu File: C:/Users/nawaz/OneDrive/Desktop/programing/verilog/eyantra task 3/pipleine_riscv/pl_riscv_cpu/code/components/alu.v Line: 4
Info (12021): Found 1 design units, including 1 entities, in source file code/components/adder.v
    Info (12023): Found entity 1: adder File: C:/Users/nawaz/OneDrive/Desktop/programing/verilog/eyantra task 3/pipleine_riscv/pl_riscv_cpu/code/components/adder.v Line: 4
Warning (10236): Verilog HDL Implicit Net warning at datapath.v(51): created implicit net for "carry" File: C:/Users/nawaz/OneDrive/Desktop/programing/verilog/eyantra task 3/pipleine_riscv/pl_riscv_cpu/code/components/datapath.v Line: 51
Warning (10236): Verilog HDL Implicit Net warning at datapath.v(51): created implicit net for "overflow" File: C:/Users/nawaz/OneDrive/Desktop/programing/verilog/eyantra task 3/pipleine_riscv/pl_riscv_cpu/code/components/datapath.v Line: 51
Info (12127): Elaborating entity "pl_riscv_cpu" for the top level hierarchy
Info (12128): Elaborating entity "riscv_cpu" for hierarchy "riscv_cpu:rvcpu" File: C:/Users/nawaz/OneDrive/Desktop/programing/verilog/eyantra task 3/pipleine_riscv/pl_riscv_cpu/code/pl_riscv_cpu.v Line: 22
Info (12128): Elaborating entity "controller" for hierarchy "riscv_cpu:rvcpu|controller:c" File: C:/Users/nawaz/OneDrive/Desktop/programing/verilog/eyantra task 3/pipleine_riscv/pl_riscv_cpu/code/riscv_cpu.v Line: 22
Info (12128): Elaborating entity "main_decoder" for hierarchy "riscv_cpu:rvcpu|controller:c|main_decoder:md" File: C:/Users/nawaz/OneDrive/Desktop/programing/verilog/eyantra task 3/pipleine_riscv/pl_riscv_cpu/code/components/controller.v Line: 19
Info (12128): Elaborating entity "alu_decoder" for hierarchy "riscv_cpu:rvcpu|controller:c|alu_decoder:ad" File: C:/Users/nawaz/OneDrive/Desktop/programing/verilog/eyantra task 3/pipleine_riscv/pl_riscv_cpu/code/components/controller.v Line: 21
Info (12128): Elaborating entity "datapath" for hierarchy "riscv_cpu:rvcpu|datapath:dp" File: C:/Users/nawaz/OneDrive/Desktop/programing/verilog/eyantra task 3/pipleine_riscv/pl_riscv_cpu/code/riscv_cpu.v Line: 26
Warning (10036): Verilog HDL or VHDL warning at datapath.v(35): object "FlushD" assigned a value but never read File: C:/Users/nawaz/OneDrive/Desktop/programing/verilog/eyantra task 3/pipleine_riscv/pl_riscv_cpu/code/components/datapath.v Line: 35
Info (12128): Elaborating entity "mux2" for hierarchy "riscv_cpu:rvcpu|datapath:dp|mux2:pcmux" File: C:/Users/nawaz/OneDrive/Desktop/programing/verilog/eyantra task 3/pipleine_riscv/pl_riscv_cpu/code/components/datapath.v Line: 25
Info (12128): Elaborating entity "reset_ff" for hierarchy "riscv_cpu:rvcpu|datapath:dp|reset_ff:pcreg" File: C:/Users/nawaz/OneDrive/Desktop/programing/verilog/eyantra task 3/pipleine_riscv/pl_riscv_cpu/code/components/datapath.v Line: 30
Info (12128): Elaborating entity "adder" for hierarchy "riscv_cpu:rvcpu|datapath:dp|adder:pcadd4" File: C:/Users/nawaz/OneDrive/Desktop/programing/verilog/eyantra task 3/pipleine_riscv/pl_riscv_cpu/code/components/datapath.v Line: 31
Info (12128): Elaborating entity "reg_file" for hierarchy "riscv_cpu:rvcpu|datapath:dp|reg_file:rf" File: C:/Users/nawaz/OneDrive/Desktop/programing/verilog/eyantra task 3/pipleine_riscv/pl_riscv_cpu/code/components/datapath.v Line: 43
Info (12128): Elaborating entity "imm_extend" for hierarchy "riscv_cpu:rvcpu|datapath:dp|imm_extend:ext" File: C:/Users/nawaz/OneDrive/Desktop/programing/verilog/eyantra task 3/pipleine_riscv/pl_riscv_cpu/code/components/datapath.v Line: 44
Info (12128): Elaborating entity "alu" for hierarchy "riscv_cpu:rvcpu|datapath:dp|alu:alu" File: C:/Users/nawaz/OneDrive/Desktop/programing/verilog/eyantra task 3/pipleine_riscv/pl_riscv_cpu/code/components/datapath.v Line: 51
Info (12128): Elaborating entity "branching_unit" for hierarchy "riscv_cpu:rvcpu|datapath:dp|branching_unit:bu" File: C:/Users/nawaz/OneDrive/Desktop/programing/verilog/eyantra task 3/pipleine_riscv/pl_riscv_cpu/code/components/datapath.v Line: 55
Info (12128): Elaborating entity "mux4" for hierarchy "riscv_cpu:rvcpu|datapath:dp|mux4:resultmux" File: C:/Users/nawaz/OneDrive/Desktop/programing/verilog/eyantra task 3/pipleine_riscv/pl_riscv_cpu/code/components/datapath.v Line: 64
Info (12128): Elaborating entity "instr_mem" for hierarchy "instr_mem:instrmem" File: C:/Users/nawaz/OneDrive/Desktop/programing/verilog/eyantra task 3/pipleine_riscv/pl_riscv_cpu/code/pl_riscv_cpu.v Line: 23
Warning (10850): Verilog HDL warning at instr_mem.v(13): number of words (79) in memory file does not match the number of elements in the address range [0:511] File: C:/Users/nawaz/OneDrive/Desktop/programing/verilog/eyantra task 3/pipleine_riscv/pl_riscv_cpu/code/instr_mem.v Line: 13
Warning (10030): Net "instr_ram.data_a" at instr_mem.v(10) has no driver or initial value, using a default initial value '0' File: C:/Users/nawaz/OneDrive/Desktop/programing/verilog/eyantra task 3/pipleine_riscv/pl_riscv_cpu/code/instr_mem.v Line: 10
Warning (10030): Net "instr_ram.waddr_a" at instr_mem.v(10) has no driver or initial value, using a default initial value '0' File: C:/Users/nawaz/OneDrive/Desktop/programing/verilog/eyantra task 3/pipleine_riscv/pl_riscv_cpu/code/instr_mem.v Line: 10
Warning (10030): Net "instr_ram.we_a" at instr_mem.v(10) has no driver or initial value, using a default initial value '0' File: C:/Users/nawaz/OneDrive/Desktop/programing/verilog/eyantra task 3/pipleine_riscv/pl_riscv_cpu/code/instr_mem.v Line: 10
Info (12128): Elaborating entity "data_mem" for hierarchy "data_mem:datamem" File: C:/Users/nawaz/OneDrive/Desktop/programing/verilog/eyantra task 3/pipleine_riscv/pl_riscv_cpu/code/pl_riscv_cpu.v Line: 24
Info (276014): Found 1 instances of uninferred RAM logic
    Info (276007): RAM logic "riscv_cpu:rvcpu|datapath:dp|reg_file:rf|reg_file_arr" is uninferred due to asynchronous read logic File: C:/Users/nawaz/OneDrive/Desktop/programing/verilog/eyantra task 3/pipleine_riscv/pl_riscv_cpu/code/components/reg_file.v Line: 16
Warning (127007): Memory Initialization File or Hexadecimal (Intel-Format) File "C:/Users/nawaz/OneDrive/Desktop/programing/verilog/eyantra task 3/pipleine_riscv/pl_riscv_cpu/db/pl_riscv_cpu.ram0_instr_mem_8ff0214b.hdl.mif" contains "don't care" values -- overwriting them with 0s
Warning (127007): Memory Initialization File or Hexadecimal (Intel-Format) File "C:/Users/nawaz/OneDrive/Desktop/programing/verilog/eyantra task 3/pipleine_riscv/pl_riscv_cpu/db/pl_riscv_cpu.ram0_reg_file_c5668544.hdl.mif" contains "don't care" values -- overwriting them with 0s
Info (286030): Timing-Driven Synthesis is running
Info (144001): Generated suppressed messages file C:/Users/nawaz/OneDrive/Desktop/programing/verilog/eyantra task 3/pipleine_riscv/pl_riscv_cpu/output_files/pl_riscv_cpu.map.smsg
Info (16010): Generating hard_block partition "hard_block:auto_generated_inst"
    Info (16011): Adding 0 node(s), including 0 DDIO, 0 PLL, 0 transceiver and 0 LCELL
Info (21057): Implemented 7648 device resources after synthesis - the final resource count might be different
    Info (21058): Implemented 67 input pins
    Info (21059): Implemented 225 output pins
    Info (21061): Implemented 7356 logic cells
Info: Quartus Prime Analysis & Synthesis was successful. 0 errors, 10 warnings
    Info: Peak virtual memory: 4802 megabytes
    Info: Processing ended: Mon Dec 09 23:34:07 2024
    Info: Elapsed time: 00:00:21
    Info: Total CPU time (on all processors): 00:00:20


+------------------------------------------+
; Analysis & Synthesis Suppressed Messages ;
+------------------------------------------+
The suppressed messages can be found in C:/Users/nawaz/OneDrive/Desktop/programing/verilog/eyantra task 3/pipleine_riscv/pl_riscv_cpu/output_files/pl_riscv_cpu.map.smsg.


